E:\MFC练习\Test练习\createDAOBASE\.\Release\createDAOBASE.exe
E:\MFC练习\Test练习\createDAOBASE\.\Release\createDAOBASE.exe.intermediate.manifest
E:\MFC练习\Test练习\createDAOBASE\Release\cl.command.1.tlog
E:\MFC练习\Test练习\createDAOBASE\Release\CL.read.1.tlog
E:\MFC练习\Test练习\createDAOBASE\Release\CL.write.1.tlog
E:\MFC练习\TEST练习\CREATEDAOBASE\RELEASE\CMSFLEXGRID.OBJ
E:\MFC练习\TEST练习\CREATEDAOBASE\RELEASE\CREATEDAOBASE.EXE
E:\MFC练习\TEST练习\CREATEDAOBASE\RELEASE\CREATEDAOBASE.EXE.INTERMEDIATE.MANIFEST
E:\MFC练习\TEST练习\CREATEDAOBASE\RELEASE\CREATEDAOBASE.OBJ
E:\MFC练习\TEST练习\CREATEDAOBASE\RELEASE\CREATEDAOBASE.PCH
E:\MFC练习\TEST练习\CREATEDAOBASE\RELEASE\CREATEDAOBASE.RES
E:\MFC练习\TEST练习\CREATEDAOBASE\RELEASE\CREATEDAOBASEDLG.OBJ
E:\MFC练习\Test练习\createDAOBASE\Release\link.command.1.tlog
E:\MFC练习\Test练习\createDAOBASE\Release\link.read.1.tlog
E:\MFC练习\Test练习\createDAOBASE\Release\link.write.1.tlog
E:\MFC练习\Test练习\createDAOBASE\Release\link-cvtres.read.1.tlog
E:\MFC练习\Test练习\createDAOBASE\Release\link-cvtres.write.1.tlog
E:\MFC练习\Test练习\createDAOBASE\Release\mt.command.1.tlog
E:\MFC练习\Test练习\createDAOBASE\Release\mt.read.1.tlog
E:\MFC练习\Test练习\createDAOBASE\Release\mt.write.1.tlog
E:\MFC练习\Test练习\createDAOBASE\Release\rc.command.1.tlog
E:\MFC练习\Test练习\createDAOBASE\Release\rc.read.1.tlog
E:\MFC练习\Test练习\createDAOBASE\Release\rc.write.1.tlog
E:\MFC练习\TEST练习\CREATEDAOBASE\RELEASE\STDAFX.OBJ
E:\MFC练习\TEST练习\CREATEDAOBASE\RELEASE\VC100.PDB
