生成启动时间为 2014/11/6 19:14:46。
     1>项目“C:\Users\MoGu\Desktop\PhoneticRule\PhoneticRule\createDAOBASE.vcxproj”在节点 2 上(build 个目标)。
     1>InitializeBuildStatus:
         正在创建“.\Release\createDAOBASE.unsuccessfulbuild”，因为已指定“AlwaysCreate”。
       ClCompile:
         所有输出均为最新。
         所有输出均为最新。
       ResourceCompile:
         所有输出均为最新。
       Link:
         所有输出均为最新。
         createDAOBASE.vcxproj -> C:\Users\MoGu\Desktop\PhoneticRule\PhoneticRule\.\Release\createDAOBASE.exe
       Manifest:
         所有输出均为最新。
       FinalizeBuildStatus:
         正在删除文件“.\Release\createDAOBASE.unsuccessfulbuild”。
         正在对“.\Release\createDAOBASE.lastbuildstate”执行 Touch 任务。
     1>已完成生成项目“C:\Users\MoGu\Desktop\PhoneticRule\PhoneticRule\createDAOBASE.vcxproj”(build 个目标)的操作。

生成成功。

已用时间 00:00:00.09
