生成启动时间为 2014/11/6 17:58:50。
     1>项目“E:\MFC练习\Test练习\createDAOBASE\createDAOBASE.vcxproj”在节点 2 上(build 个目标)。
     1>InitializeBuildStatus:
         正在创建“.\Debug\createDAOBASE.unsuccessfulbuild”，因为已指定“AlwaysCreate”。
       ClCompile:
         所有输出均为最新。
         D:\Program Files\Microsoft Visual Studio 10.0\VC\bin\CL.exe /c /I"D:\Program Files\MATLAB\R2010b\extern\include\win32" /I"D:\Program Files\MATLAB\R2010b\extern\include" /AI"D:\Program Files\MATLAB\R2010b\extern\lib\win32\microsoft" /ZI /nologo /W3 /WX- /Od /Oy- /D WIN32 /D _DEBUG /D _WINDOWS /D _VC80_UPGRADE=0x0600 /D _MBCS /D _AFXDLL /Gm /EHsc /RTC1 /MDd /GS /Gy- /fp:precise /Zc:wchar_t /Zc:forScope /Yu"stdafx.h" /Fp".\Debug\createDAOBASE.pch" /Fo".\Debug\\" /Fd".\Debug\vc100.pdb" /Gd /TP /analyze- /errorReport:prompt createDAOBASEDlg.cpp
         createDAOBASEDlg.cpp
     1>e:\mfc练习\test练习\createdaobase\createdaobasedlg.cpp(350): warning C4995: “CDaoDatabase”: 名称被标记为 #pragma deprecated
     1>e:\mfc练习\test练习\createdaobase\createdaobasedlg.cpp(351): warning C4995: “CDaoTableDef”: 名称被标记为 #pragma deprecated
     1>e:\mfc练习\test练习\createdaobase\createdaobasedlg.cpp(352): warning C4995: “CDaoRecordset”: 名称被标记为 #pragma deprecated
     1>e:\mfc练习\test练习\createdaobase\createdaobasedlg.cpp(382): warning C4995: “CDaoDatabase”: 名称被标记为 #pragma deprecated
     1>e:\mfc练习\test练习\createdaobase\createdaobasedlg.cpp(383): warning C4995: “CDaoTableDef”: 名称被标记为 #pragma deprecated
     1>e:\mfc练习\test练习\createdaobase\createdaobasedlg.cpp(384): warning C4995: “CDaoRecordset”: 名称被标记为 #pragma deprecated
     1>e:\mfc练习\test练习\createdaobase\createdaobasedlg.cpp(545): warning C4995: “CDaoDatabase”: 名称被标记为 #pragma deprecated
     1>e:\mfc练习\test练习\createdaobase\createdaobasedlg.cpp(546): warning C4995: “CDaoTableDef”: 名称被标记为 #pragma deprecated
     1>e:\mfc练习\test练习\createdaobase\createdaobasedlg.cpp(547): warning C4995: “CDaoRecordset”: 名称被标记为 #pragma deprecated
     1>e:\mfc练习\test练习\createdaobase\createdaobasedlg.cpp(508): warning C4101: “m”: 未引用的局部变量
     1>e:\mfc练习\test练习\createdaobase\createdaobasedlg.cpp(631): warning C4995: “CDaoDatabase”: 名称被标记为 #pragma deprecated
     1>e:\mfc练习\test练习\createdaobase\createdaobasedlg.cpp(632): warning C4995: “CDaoTableDef”: 名称被标记为 #pragma deprecated
     1>e:\mfc练习\test练习\createdaobase\createdaobasedlg.cpp(633): warning C4995: “CDaoRecordset”: 名称被标记为 #pragma deprecated
     1>e:\mfc练习\test练习\createdaobase\createdaobasedlg.cpp(630): warning C4101: “j”: 未引用的局部变量
       ResourceCompile:
         所有输出均为最新。
       ManifestResourceCompile:
         所有输出均为最新。
       Link:
         D:\Program Files\Microsoft Visual Studio 10.0\VC\bin\link.exe /ERRORREPORT:PROMPT /OUT:".\Debug\createDAOBASE.exe" /INCREMENTAL /NOLOGO /LIBPATH:"D:\Program Files\MATLAB\R2010b\extern\lib\win32\microsoft" libeng.lib libmat.lib libmex.lib libmx.lib mclmcrrt.lib mclmcr.lib opencv_calib3d243d.lib opencv_contrib243d.lib opencv_core243d.lib opencv_features2d243d.lib opencv_flann243d.lib opencv_gpu243d.lib opencv_highgui243d.lib opencv_imgproc243d.lib opencv_legacy243d.lib opencv_ml243d.lib opencv_nonfree243d.lib opencv_objdetect243d.lib opencv_photo243d.lib opencv_stitching243d.lib opencv_ts243d.lib opencv_video243d.lib opencv_videostab243d.lib /MANIFEST /ManifestFile:".\Debug\createDAOBASE.exe.intermediate.manifest" /MANIFESTUAC:"level='asInvoker' uiAccess='false'" /DEBUG /PDB:"E:\MFC练习\Test练习\createDAOBASE\Debug\createDAOBASE.pdb" /SUBSYSTEM:WINDOWS /TLBID:1 /DYNAMICBASE /NXCOMPAT /IMPLIB:".\Debug\createDAOBASE.lib" /MACHINE:X86 .\Debug\createDAOBASE.res
         .\Debug\createDAOBASE.exe.embed.manifest.res
         .\Debug\CMSFlexGrid.obj
         .\Debug\createDAOBASE.obj
         .\Debug\createDAOBASEDlg.obj
         .\Debug\KMP.obj
         .\Debug\PhoneticRuleTest.obj
         .\Debug\StdAfx.obj
       Manifest:
         C:\Program Files\Microsoft SDKs\Windows\v7.0A\bin\mt.exe /nologo /verbose /out:".\Debug\createDAOBASE.exe.embed.manifest" /manifest .\Debug\createDAOBASE.exe.intermediate.manifest "D:\Program Files\Microsoft Visual Studio 10.0\VC\Include\Manifest\dpiaware.manifest"
         所有输出均为最新。
       LinkEmbedManifest:
         所有输出均为最新。
         createDAOBASE.vcxproj -> E:\MFC练习\Test练习\createDAOBASE\.\Debug\createDAOBASE.exe
       FinalizeBuildStatus:
         正在删除文件“.\Debug\createDAOBASE.unsuccessfulbuild”。
         正在对“.\Debug\createDAOBASE.lastbuildstate”执行 Touch 任务。
     1>已完成生成项目“E:\MFC练习\Test练习\createDAOBASE\createDAOBASE.vcxproj”(build 个目标)的操作。

生成成功。

已用时间 00:00:01.38
